Defaulting to user installation because normal site-packages is not writeable
Processing /home/coder/project
  Installing build dependencies: started
  Installing build dependencies: finished with status 'done'
  Getting requirements to build wheel: started
  Getting requirements to build wheel: finished with status 'done'
  Preparing metadata (pyproject.toml): started
  Preparing metadata (pyproject.toml): finished with status 'done'
Requirement already satisfied: torch>=1.12 in /usr/local/lib/python3.8/dist-packages (from mace==0.2.0) (1.12.0+cu116)
Collecting e3nn==0.4.4 (from mace==0.2.0)
  Downloading e3nn-0.4.4-py3-none-any.whl (387 kB)
     ━━━━━━━━━━━━━━━━━━━━━━━━━━━━━━━━━━━━━━ 387.7/387.7 kB 37.8 MB/s eta 0:00:00
Requirement already satisfied: numpy in /usr/local/lib/python3.8/dist-packages (from mace==0.2.0) (1.24.3)
Collecting opt-einsum (from mace==0.2.0)
  Downloading opt_einsum-3.3.0-py3-none-any.whl (65 kB)
     ━━━━━━━━━━━━━━━━━━━━━━━━━━━━━━━━━━━━━━━━ 65.5/65.5 kB 16.2 MB/s eta 0:00:00
Requirement already satisfied: ase in /usr/local/lib/python3.8/dist-packages (from mace==0.2.0) (3.22.1)
Collecting torch-ema (from mace==0.2.0)
  Downloading torch_ema-0.3-py3-none-any.whl (5.5 kB)
Requirement already satisfied: prettytable in /usr/local/lib/python3.8/dist-packages (from mace==0.2.0) (3.7.0)
Requirement already satisfied: matplotlib in /usr/local/lib/python3.8/dist-packages (from mace==0.2.0) (3.7.1)
Requirement already satisfied: pandas in /usr/local/lib/python3.8/dist-packages (from mace==0.2.0) (2.0.1)
Requirement already satisfied: sympy in /usr/local/lib/python3.8/dist-packages (from e3nn==0.4.4->mace==0.2.0) (1.12)
Requirement already satisfied: scipy in /usr/local/lib/python3.8/dist-packages (from e3nn==0.4.4->mace==0.2.0) (1.10.1)
Collecting opt-einsum-fx>=0.1.4 (from e3nn==0.4.4->mace==0.2.0)
  Downloading opt_einsum_fx-0.1.4-py3-none-any.whl (13 kB)
Requirement already satisfied: typing-extensions in /usr/local/lib/python3.8/dist-packages (from torch>=1.12->mace==0.2.0) (4.6.2)
Requirement already satisfied: contourpy>=1.0.1 in /usr/local/lib/python3.8/dist-packages (from matplotlib->mace==0.2.0) (1.0.7)
Requirement already satisfied: cycler>=0.10 in /usr/local/lib/python3.8/dist-packages (from matplotlib->mace==0.2.0) (0.11.0)
Requirement already satisfied: fonttools>=4.22.0 in /usr/local/lib/python3.8/dist-packages (from matplotlib->mace==0.2.0) (4.39.4)
Requirement already satisfied: kiwisolver>=1.0.1 in /usr/local/lib/python3.8/dist-packages (from matplotlib->mace==0.2.0) (1.4.4)
Requirement already satisfied: packaging>=20.0 in /usr/local/lib/python3.8/dist-packages (from matplotlib->mace==0.2.0) (23.1)
Requirement already satisfied: pillow>=6.2.0 in /usr/local/lib/python3.8/dist-packages (from matplotlib->mace==0.2.0) (9.5.0)
Requirement already satisfied: pyparsing>=2.3.1 in /usr/local/lib/python3.8/dist-packages (from matplotlib->mace==0.2.0) (3.0.9)
Requirement already satisfied: python-dateutil>=2.7 in /usr/local/lib/python3.8/dist-packages (from matplotlib->mace==0.2.0) (2.8.2)
Requirement already satisfied: importlib-resources>=3.2.0 in /usr/local/lib/python3.8/dist-packages (from matplotlib->mace==0.2.0) (5.12.0)
Requirement already satisfied: pytz>=2020.1 in /usr/local/lib/python3.8/dist-packages (from pandas->mace==0.2.0) (2023.3)
Requirement already satisfied: tzdata>=2022.1 in /usr/local/lib/python3.8/dist-packages (from pandas->mace==0.2.0) (2023.3)
Requirement already satisfied: wcwidth in /usr/local/lib/python3.8/dist-packages (from prettytable->mace==0.2.0) (0.2.6)
Requirement already satisfied: zipp>=3.1.0 in /usr/local/lib/python3.8/dist-packages (from importlib-resources>=3.2.0->matplotlib->mace==0.2.0) (3.15.0)
Requirement already satisfied: six>=1.5 in /usr/local/lib/python3.8/dist-packages (from python-dateutil>=2.7->matplotlib->mace==0.2.0) (1.16.0)
Requirement already satisfied: mpmath>=0.19 in /usr/local/lib/python3.8/dist-packages (from sympy->e3nn==0.4.4->mace==0.2.0) (1.3.0)
Building wheels for collected packages: mace
  Building wheel for mace (pyproject.toml): started
  Building wheel for mace (pyproject.toml): finished with status 'done'
  Created wheel for mace: filename=mace-0.2.0-py3-none-any.whl size=67172 sha256=8767cf1943cff78a7600bf05d18bb72b209bde73b1d53f7e65e9a20b6e23aee1
  Stored in directory: /tmp/pip-ephem-wheel-cache-9v9q8g0s/wheels/92/89/4e/2a69c036efc1632a9fa90ce52fcc2445a343dfb818d8c76bae
Successfully built mace
Installing collected packages: opt-einsum, torch-ema, opt-einsum-fx, e3nn, mace
Successfully installed e3nn-0.4.4 mace-0.2.0 opt-einsum-3.3.0 opt-einsum-fx-0.1.4 torch-ema-0.3

[notice] A new release of pip is available: 23.1.2 -> 23.2.1
[notice] To update, run: python -m pip install --upgrade pip
